[Wed Dec 17 01:06:15 2025] URL: https://www.example.com | Size: 513 bytes
[Wed Dec 17 01:06:15 2025] URL: http://bad-url-does-not-exist.com | Size: 0 bytes
[Sat Dec 20 00:49:22 2025] URL: https://www.example.com | Size: 513 bytes
[Sat Dec 20 00:50:37 2025] URL: https://www.example.com | Size: 513 bytes
[Sat Dec 20 00:50:52 2025] URL: https://www.example.com | Size: 513 bytes
[Sat Dec 20 01:56:50 2025] URL: https://www.example.com | Size: 513 bytes
[Sat Dec 20 01:58:00 2025] URL: https://www.example.com | Size: 513 bytes
[Sun Dec 21 15:46:10 2025] URL: https://www.example.com | Size: 513 bytes
[Sun Dec 21 15:46:13 2025] URL: https://iana.org/domains/example | Size: 244 bytes
[Sun Dec 21 15:46:15 2025] URL: https://www.iana.org/domains/example | Size: 80 bytes
[Sun Dec 21 15:46:53 2025] URL: https://www.example.com | Size: 513 bytes
[Sun Dec 21 15:46:54 2025] URL: https://iana.org/domains/example | Size: 244 bytes
[Sun Dec 21 15:46:59 2025] URL: https://www.iana.org/domains/example | Size: 80 bytes
[Sun Dec 21 15:48:03 2025] URL: https://www.youtube.com | Size: 698348 bytes
[Sun Dec 21 15:48:04 2025] URL: https://www.youtube.com/s/desktop/ba2eeb09/img/favicon.ico | Size: 1150 bytes
[Sun Dec 21 15:48:04 2025] URL: https://www.youtube.com/s/desktop/ba2eeb09/img/favicon_32x32.png | Size: 3214 bytes
[Sun Dec 21 15:48:06 2025] URL: https://www.youtube.com/s/desktop/ba2eeb09/img/favicon_48x48.png | Size: 3490 bytes
[Sun Dec 21 15:48:06 2025] URL: https://www.youtube.com/s/desktop/ba2eeb09/img/favicon_96x96.png | Size: 4249 bytes
[Sun Dec 21 15:48:07 2025] URL: https://www.youtube.com/s/desktop/ba2eeb09/img/favicon_144x144.png | Size: 5020 bytes
[Sun Dec 21 15:48:08 2025] URL: https://www.youtube.com/ | Size: 694628 bytes
[Sun Dec 21 15:48:08 2025] URL: https://m.youtube.com/ | Size: 0 bytes
[Sun Dec 21 15:48:09 2025] URL: https://www.youtube.com/android-app://com.google.android.youtube/http/www.youtube.com/ | Size: 0 bytes
[Sun Dec 21 15:48:10 2025] URL: https://www.youtube.com/ios-app://544007664/vnd.youtube/www.youtube.com/ | Size: 0 bytes
[Sun Dec 21 15:48:11 2025] URL: https://www.youtube.com//fonts.googleapis.com/css2?family=Roboto:wght@300;400;500;700&family=YouTube+Sans:wght@300..900&display=swap | Size: 0 bytes
[Sun Dec 21 15:48:11 2025] URL: https://www.youtube.com/s/desktop/ba2eeb09/cssbin/www-main-desktop-home-page-skeleton-rtl.css | Size: 4346 bytes
[Sun Dec 21 15:48:11 2025] URL: https://www.youtube.com/s/desktop/ba2eeb09/cssbin/www-onepick-rtl.css | Size: 797 bytes
[Sun Dec 21 15:48:28 2025] URL: https://www.youtube.com/s/_/ytmainappweb/_/ss/k=ytmainappweb.kevlar_base.7Soe0fZpJfA.R.X.O/am=AAAgABAgCQ/d=0/rs=AGKMywFtWpyOJbZSTzJJ4hlVAFHf3-3M-g | Size: 3302746 bytes
[Sun Dec 21 15:48:29 2025] URL: https://www.youtube.com/opensearch?locale=ur_PK | Size: 555 bytes
[Sun Dec 21 15:48:29 2025] URL: https://www.youtube.com/manifest.webmanifest | Size: 1879 bytes
[Sun Dec 21 15:48:29 2025] URL: https://www.youtube.com/about/ | Size: 219 bytes
[Sun Dec 21 15:48:30 2025] URL: https://www.youtube.com/about/press/ | Size: 218 bytes
[Sun Dec 21 15:48:30 2025] URL: https://www.youtube.com/about/copyright/ | Size: 256 bytes
[Sun Dec 21 15:48:31 2025] URL: https://www.youtube.com/t/contact_us/ | Size: 8467 bytes
[Sun Dec 21 15:48:31 2025] URL: https://www.youtube.com/img/favicon.ico | Size: 1150 bytes
[Sun Dec 21 15:48:32 2025] URL: https://www.youtube.com/img/favicon_32.png | Size: 348 bytes
[Sun Dec 21 15:48:32 2025] URL: https://www.youtube.com/img/favicon_48.png | Size: 15279 bytes
[Sun Dec 21 15:48:32 2025] URL: https://www.youtube.com/img/favicon_96.png | Size: 15346 bytes
[Sun Dec 21 15:48:33 2025] URL: https://www.youtube.com/img/favicon_144.png | Size: 16275 bytes
[Sun Dec 21 15:48:33 2025] URL: https://fonts.googleapis.com/css?family=YouTube+Sans:600 | Size: 314 bytes
[Sun Dec 21 15:48:34 2025] URL: https://fonts.googleapis.com/css?family=Roboto:400,500 | Size: 474 bytes
[Sun Dec 21 15:48:34 2025] URL: https://www.youtube.com/yt/about | Size: 226 bytes
[Sun Dec 21 15:48:35 2025] URL: https://www.youtube.com/t/community_guidelines | Size: 0 bytes
[Sun Dec 21 15:48:35 2025] URL: https://www.youtube.com/yt/jobs | Size: 225 bytes
[Sun Dec 21 15:48:39 2025] URL: https://support.google.com/youtube/ | Size: 1181734 bytes
[Sun Dec 21 15:48:40 2025] URL: https://support.google.com/forum/p/youtube | Size: 224 bytes
[Sun Dec 21 15:48:40 2025] URL: https://support.google.com/youtube/bin/static.py?page=known_issues.cs | Size: 244 bytes
[Sun Dec 21 15:48:41 2025] URL: https://www.youtube.com/t/press | Size: 0 bytes
[Sun Dec 21 15:48:41 2025] URL: https://www.youtube.com/yt/creators/get-started.html | Size: 239 bytes
[Sun Dec 21 15:48:42 2025] URL: https://www.youtube.com/t/advertising_overview | Size: 0 bytes
[Sun Dec 21 15:48:42 2025] URL: https://support.google.com/youtube/bin/topic.py?topic=13044 | Size: 243 bytes
[Sun Dec 21 15:48:46 2025] URL: https://support.google.com/youtube/answer/77402 | Size: 1283163 bytes
[Sun Dec 21 15:48:50 2025] URL: https://support.google.com/youtube/answer/2807622 | Size: 1320745 bytes
[Sun Dec 21 15:48:51 2025] URL: https://www.youtube.com/t/contentid | Size: 0 bytes
[Sun Dec 21 15:48:51 2025] URL: https://www.youtube.com/t/terms | Size: 52085 bytes
[Sun Dec 21 15:48:52 2025] URL: https://www.youtube.com/yt/dev | Size: 234 bytes
[Sun Dec 21 15:48:52 2025] URL: http://www.google.com/submit_content.html | Size: 249 bytes
[Sun Dec 21 15:48:54 2025] URL: https://www.youtube.com/creators/ | Size: 155933 bytes
[Sun Dec 21 15:48:54 2025] URL: https://www.youtube.com//lh3.googleusercontent.com | Size: 0 bytes
[Sun Dec 21 15:48:55 2025] URL: https://www.youtube.com//kstatic.googleusercontent.com | Size: 0 bytes
[Sun Dec 21 15:48:55 2025] URL: https://fonts.googleapis.com/css?family=Roboto:300,400,500,700&amp;lang=en | Size: 948 bytes
[Sun Dec 21 15:48:56 2025] URL: https://fonts.googleapis.com/css?family=YouTube+Sans:300,400,500,600,700,900 | Size: 1559 bytes
[Sun Dec 21 15:48:58 2025] URL: https://www.youtube.com/creators/static/compiled/index.min.css | Size: 910606 bytes
[Sun Dec 21 15:49:00 2025] URL: https://www.youtube.com/creators/static/compiled/index.min.js | Size: 211014 bytes
[Sun Dec 21 15:49:00 2025] URL: https://www.youtube.com/yts/img/favicon-vfl8qSV2F.ico | Size: 1150 bytes
[Sun Dec 21 15:49:00 2025] URL: https://www.youtube.com/yts/img/favicon_32-vflOogEID.png | Size: 348 bytes
[Sun Dec 21 15:49:00 2025] URL: https://www.youtube.com/yts/img/favicon_48-vflVjB_Qk.png | Size: 15279 bytes
[Sun Dec 21 15:49:01 2025] URL: https://www.youtube.com/yts/img/favicon_96-vflW9Ec0w.png | Size: 15346 bytes
[Sun Dec 21 15:49:01 2025] URL: https://www.youtube.com/yts/img/favicon_144-vfliLAfaB.png | Size: 16275 bytes
[Sun Dec 21 15:49:02 2025] URL: https://www.gstatic.com/glue/cookienotificationbar/cookienotificationbar.min.css | Size: 9027 bytes
[Sun Dec 21 15:49:03 2025] URL: https://www.youtube.com/creators/welcome-creators/ | Size: 107508 bytes
[Sun Dec 21 15:49:04 2025] URL: https://www.youtube.com/creators/partner-program/ | Size: 138544 bytes
[Sun Dec 21 15:49:05 2025] URL: https://www.youtube.com/creators/how-things-work/getting-started/ | Size: 104262 bytes
[Sun Dec 21 15:49:06 2025] URL: https://www.youtube.com/creators/how-things-work/building-community/ | Size: 100067 bytes
[Sun Dec 21 15:49:07 2025] URL: https://www.youtube.com/creators/how-things-work/video-monetization/ | Size: 99467 bytes
[Sun Dec 21 15:49:08 2025] URL: https://www.youtube.com/creators/how-things-work/content-creation-strategy/ | Size: 110716 bytes
[Sun Dec 21 15:49:09 2025] URL: https://www.youtube.com/creators/how-things-work/policies-guidelines/ | Size: 168182 bytes
[Sun Dec 21 15:49:10 2025] URL: https://www.youtube.com/creators/how-things-work/get-involved/ | Size: 64653 bytes
[Sun Dec 21 15:49:11 2025] URL: https://www.youtube.com/creators/top-questions/ | Size: 118542 bytes
[Sun Dec 21 15:49:11 2025] URL: https://www.youtube.com/creators/partner-program/shopping | Size: 255 bytes
[Sun Dec 21 15:49:12 2025] URL: https://www.youtube.com/creators/partner-program/shopping/ | Size: 123683 bytes
[Sun Dec 21 15:49:15 2025] URL: https://support.google.com/youtube/answer/10343433 | Size: 1320351 bytes
[Sun Dec 21 15:49:20 2025] URL: https://support.google.com/youtube/answer/72431 | Size: 1312399 bytes
[Sun Dec 21 15:49:23 2025] URL: https://support.google.com/youtube/answer/57792 | Size: 1311588 bytes
[Sun Dec 21 15:49:27 2025] URL: https://support.google.com/youtube/answer/6140493 | Size: 1303523 bytes
[Sun Dec 21 15:49:30 2025] URL: https://support.google.com/youtube/answer/6388789 | Size: 1317527 bytes
[Sun Dec 21 15:49:30 2025] URL: https://support.google.com/youtube/answer/2972003 | Size: 294 bytes
[Sun Dec 21 15:49:33 2025] URL: https://support.google.com/youtube/answer/2657964 | Size: 1318199 bytes
[Sun Dec 21 15:49:37 2025] URL: https://support.google.com/youtube/answer/141808 | Size: 1295948 bytes
[Sun Dec 21 15:49:43 2025] URL: https://support.google.com/youtube/answer/141805 | Size: 1313367 bytes
[Sun Dec 21 15:50:00 2025] URL: https://www.youtube.com/channel/UCkRfArvrzheW2E7b6SVT7vQ | Size: 2012365 bytes
[Sun Dec 21 15:50:03 2025] URL: https://support.google.com/youtube | Size: 1181729 bytes
[Sun Dec 21 15:50:07 2025] URL: https://support.google.com/youtube/community | Size: 1232610 bytes
[Sun Dec 21 15:50:07 2025] URL: https://twitter.com/YouTubeCreators | Size: 63 bytes
[Sun Dec 21 15:50:08 2025] URL: https://twitter.com/TeamYouTube | Size: 59 bytes
[Sun Dec 21 15:50:10 2025] URL: https://support.google.com/youtube/answer/7123737 | Size: 1297375 bytes
[Sun Dec 21 15:50:11 2025] URL: https://www.youtube.com/ads/ | Size: 78980 bytes
[Sun Dec 21 15:50:12 2025] URL: https://www.youtube.com/intl/es_us/ads/ | Size: 84290 bytes
[Sun Dec 21 15:50:13 2025] URL: https://www.youtube.com/intl/ALL_br/ads/ | Size: 253 bytes
[Sun Dec 21 15:50:13 2025] URL: https://www.youtube.com/intl/ALL_ca/ads/ | Size: 256 bytes
[Sun Dec 21 15:50:14 2025] URL: https://www.youtube.com/intl/fr_ca/ads/ | Size: 256 bytes
[Sun Dec 21 15:50:14 2025] URL: https://www.youtube.com/intl/ALL_de/ads/ | Size: 253 bytes
[Sun Dec 21 15:50:15 2025] URL: https://www.youtube.com/intl/ALL_fr/ads/ | Size: 253 bytes
[Sun Dec 21 15:50:15 2025] URL: https://www.youtube.com/intl/ALL_id/ads/ | Size: 253 bytes
[Sun Dec 21 15:50:16 2025] URL: https://www.youtube.com/intl/en_id/ads/ | Size: 257 bytes
[Sun Dec 21 15:50:16 2025] URL: https://www.youtube.com/intl/ALL_in/ads/ | Size: 253 bytes
[Sun Dec 21 15:50:17 2025] URL: https://www.youtube.com/intl/hi_in/ads/ | Size: 253 bytes
[Sun Dec 21 15:50:17 2025] URL: https://www.youtube.com/intl/ALL_kr/ads/ | Size: 253 bytes
[Sun Dec 21 15:50:18 2025] URL: https://www.youtube.com/intl/ALL_ru/ads/ | Size: 86682 bytes
[Sun Dec 21 15:50:20 2025] URL: https://www.youtube.com/intl/ALL_sg/ads/ | Size: 80238 bytes
[Sun Dec 21 15:50:20 2025] URL: https://www.youtube.com/intl/ALL_th/ads/ | Size: 253 bytes
[Sun Dec 21 15:50:21 2025] URL: https://www.youtube.com/intl/ALL_ua/ads/ | Size: 253 bytes
[Sun Dec 21 15:50:21 2025] URL: https://www.youtube.com/intl/ALL_vn/ads/ | Size: 253 bytes
[Sun Dec 21 15:50:22 2025] URL: https://www.youtube.com/intl/ALL_jp/ads/ | Size: 253 bytes
[Sun Dec 21 15:50:22 2025] URL: https://www.youtube.com/intl/ALL_ae/ads/ | Size: 257 bytes
[Sun Dec 21 15:50:23 2025] URL: https://www.youtube.com/intl/en_ae/ads/ | Size: 257 bytes
[Sun Dec 21 15:50:23 2025] URL: https://www.youtube.com/intl/ALL_au/ads/ | Size: 255 bytes
[Sun Dec 21 15:50:24 2025] URL: https://www.youtube.com/intl/ALL_cn/ads/ | Size: 253 bytes
[Sun Dec 21 15:50:24 2025] URL: https://www.youtube.com/intl/en_cn/ads/ | Size: 257 bytes
[Sun Dec 21 15:50:25 2025] URL: https://www.youtube.com/intl/ALL_es/ads/ | Size: 253 bytes
[Sun Dec 21 15:50:25 2025] URL: https://www.youtube.com/intl/ALL_hk/ads/ | Size: 78784 bytes
[Sun Dec 21 15:50:26 2025] URL: https://www.youtube.com/intl/en_hk/ads/ | Size: 257 bytes
[Sun Dec 21 15:50:26 2025] URL: https://www.youtube.com/intl/ALL_il/ads/ | Size: 253 bytes
[Sun Dec 21 15:50:27 2025] URL: https://www.youtube.com/intl/en_il/ads/ | Size: 80210 bytes
[Sun Dec 21 15:50:28 2025] URL: https://www.youtube.com/intl/ALL_it/ads/ | Size: 253 bytes
[Sun Dec 21 15:50:28 2025] URL: https://www.youtube.com/intl/ALL_mx/ads/ | Size: 80995 bytes
[Sun Dec 21 15:50:29 2025] URL: https://www.youtube.com/intl/ALL_pl/ads/ | Size: 253 bytes
[Sun Dec 21 15:50:30 2025] URL: https://www.youtube.com/intl/ALL_tr/ads/ | Size: 253 bytes
[Sun Dec 21 15:50:31 2025] URL: https://www.youtube.com/intl/ALL_tw/ads/ | Size: 79205 bytes
[Sun Dec 21 15:50:31 2025] URL: https://www.youtube.com/intl/ALL_uk/ads/ | Size: 253 bytes
[Sun Dec 21 15:50:32 2025] URL: https://www.youtube.com/intl/ALL_ar/ads/ | Size: 257 bytes
[Sun Dec 21 15:50:32 2025] URL: https://www.youtube.com/intl/ALL_co/ads/ | Size: 80995 bytes
[Sun Dec 21 15:50:33 2025] URL: https://www.youtube.com/intl/ALL_cl/ads/ | Size: 80995 bytes
[Sun Dec 21 15:50:34 2025] URL: https://www.youtube.com/intl/ALL_pe/ads/ | Size: 80995 bytes
[Sun Dec 21 15:50:35 2025] URL: https://www.youtube.com/intl/ALL_nl/ads/ | Size: 253 bytes
[Sun Dec 21 15:50:36 2025] URL: https://www.youtube.com/intl/ALL_se/ads/ | Size: 253 bytes
[Sun Dec 21 15:50:36 2025] URL: https://www.youtube.com/intl/en_my/ads/ | Size: 257 bytes
[Sun Dec 21 15:50:37 2025] URL: https://www.youtube.com/intl/ms_my/ads/ | Size: 80470 bytes
[Sun Dec 21 15:50:38 2025] URL: https://www.youtube.com/intl/en_us/ads/ | Size: 253 bytes
[Sun Dec 21 15:50:38 2025] URL: https://www.youtube.com//fonts.googleapis.com/css?family=Roboto:300,400,500,700&display=swap&amp;lang=en | Size: 0 bytes
[Sun Dec 21 15:50:39 2025] URL: https://fonts.googleapis.com/css?family=YouTube+Sans:300,400,500,600,700,900&display=swap | Size: 1691 bytes
[Sun Dec 21 15:50:47 2025] URL: https://fonts.googleapis.com/css2?family=Google+Symbols:opsz,wght,FILL,GRAD@20..48,100..700,0..1,-50..200 | Size: 20568 bytes
[Sun Dec 21 15:50:48 2025] URL: https://www.googletagmanager.com | Size: 1561 bytes
[Sun Dec 21 15:50:48 2025] URL: https://www.google-analytics.com | Size: 230 bytes
[Sun Dec 21 15:50:48 2025] URL: https://fonts.googleapis.com | Size: 1621 bytes
[Sun Dec 21 15:50:49 2025] URL: https://fonts.gstatic.com | Size: 1561 bytes
[Sun Dec 21 15:50:51 2025] URL: https://lh3.googleusercontent.com | Size: 1555 bytes
[Sun Dec 21 15:50:52 2025] URL: https://kstatic.googleusercontent.com | Size: 111 bytes
[Sun Dec 21 15:50:53 2025] URL: https://www.youtube.com/ads/static/compiled/index.min.css?cache=7c30f84 | Size: 797488 bytes
[Sun Dec 21 15:50:54 2025] URL: https://www.youtube.com/ads/how-it-works/ | Size: 256 bytes
[Sun Dec 21 15:50:55 2025] URL: https://www.youtube.com/ads/youtube-for-small-business/ | Size: 83918 bytes
[Sun Dec 21 15:50:56 2025] URL: https://www.youtube.com/ads/how-it-works/create-a-video-ad/ | Size: 120475 bytes
[Sun Dec 21 15:50:57 2025] URL: https://www.youtube.com/ads/how-it-works/set-up-a-campaign/ | Size: 69599 bytes
[Sun Dec 21 15:50:57 2025] URL: https://www.youtube.com/ads/how-it-works/set-up-a-campaign/audience/ | Size: 71895 bytes
[Sun Dec 21 15:50:58 2025] URL: https://www.youtube.com/ads/how-it-works/set-up-a-campaign/budget/ | Size: 66871 bytes
[Sun Dec 21 15:50:59 2025] URL: https://www.youtube.com/ads/how-it-works/measure-your-results/ | Size: 84631 bytes
[Sun Dec 21 15:51:00 2025] URL: https://www.youtube.com/ads/news-and-inspiration/ | Size: 257 bytes
[Sun Dec 21 15:51:00 2025] URL: https://www.youtube.com/ads/resources/ | Size: 238 bytes
[Sun Dec 21 15:51:01 2025] URL: https://www.youtube.com/ads/resources/creative-resources/ | Size: 93931 bytes
[Sun Dec 21 15:51:02 2025] URL: https://www.youtube.com/ads/resources/measurement-tools/ | Size: 62150 bytes
[Sun Dec 21 15:51:02 2025] URL: https://www.youtube.com/ads/resources/best-practices/ | Size: 238 bytes
[Sun Dec 21 15:51:03 2025] URL: https://www.youtube.com/ads/resources/success-stories/ | Size: 238 bytes
[Sun Dec 21 15:51:04 2025] URL: https://www.youtube.com/ads/faqs/ | Size: 257 bytes
[Sun Dec 21 15:51:04 2025] URL: https://studio.youtube.com/channel/c/content/promotions | Size: 0 bytes
[Sun Dec 21 15:51:05 2025] URL: https://ads.google.com/signup | Size: 0 bytes
[Sun Dec 21 15:51:06 2025] URL: https://twitter.com/YouTube | Size: 55 bytes
[Sun Dec 21 15:51:06 2025] URL: https://www.instagram.com/youtube/ | Size: 0 bytes
[Sun Dec 21 15:51:07 2025] URL: https://www.facebook.com/youtube/?ref=br_r | Size: 0 bytes
[Sun Dec 21 15:51:08 2025] URL: https://blog.youtube/ | Size: 189855 bytes
[Sun Dec 21 15:51:09 2025] URL: https://www.youtube.com/howyoutubeworks/ | Size: 32338 bytes
[Sun Dec 21 15:51:11 2025] URL: https://www.youtube.com/jobs/ | Size: 54330 bytes
[Sun Dec 21 15:51:12 2025] URL: https://blog.youtube/press/ | Size: 91054 bytes
[Sun Dec 21 15:51:13 2025] URL: https://www.youtube.com/trends/ | Size: 57254 bytes
[Sun Dec 21 15:51:14 2025] URL: https://tv.youtube.com/learn/nflsundayticket | Size: 242 bytes
[Sun Dec 21 15:51:14 2025] URL: https://www.youtube.com/kids/ | Size: 7132 bytes
[Sun Dec 21 15:51:17 2025] URL: https://www.youtube.com/musicpremium | Size: 737045 bytes
[Sun Dec 21 15:51:20 2025] URL: https://www.youtube.com/channel/UCqVDpXKLmKeBU_yyt_QkItQ | Size: 1984126 bytes
[Sun Dec 21 15:51:22 2025] URL: https://www.youtube.com/creators/podcasts/ | Size: 91584 bytes
[Sun Dec 21 15:51:23 2025] URL: https://www.youtube.com/premium/ | Size: 759581 bytes
[Sun Dec 21 15:51:24 2025] URL: https://www.youtube.com/ads/how-it-works/set-up-a-campaign/youtube-select/ | Size: 78762 bytes
[Sun Dec 21 15:51:25 2025] URL: https://studio.youtube.com/ | Size: 0 bytes
[Sun Dec 21 15:51:26 2025] URL: https://tv.youtube.com/ | Size: 0 bytes
[Sun Dec 21 15:51:27 2025] URL: https://developers.google.com/youtube | Size: 70006 bytes
[Sun Dec 21 15:51:27 2025] URL: https://www.youtube.com/yt/family/ | Size: 231 bytes
[Sun Dec 21 15:51:28 2025] URL: https://www.youtube.com/creatorresearch/ | Size: 239 bytes
[Sun Dec 21 15:51:29 2025] URL: https://servicesdirectory.withyoutube.com/ | Size: 56631 bytes
[Sun Dec 21 15:51:29 2025] URL: https://artists.youtube.com/ | Size: 221 bytes
[Sun Dec 21 15:51:30 2025] URL: https://www.youtube.com/nextup/ | Size: 230 bytes
[Sun Dec 21 15:51:30 2025] URL: https://vr.youtube.com/ | Size: 234 bytes
[Sun Dec 21 15:51:31 2025] URL: https://www.youtube.com/creators-for-change/ | Size: 230 bytes
[Sun Dec 21 15:51:31 2025] URL: https://www.youtube.com/csai-match/ | Size: 237 bytes
[Sun Dec 21 15:51:32 2025] URL: https://socialimpact.youtube.com/ | Size: 236 bytes
[Sun Dec 21 15:51:32 2025] URL: https://www.youtube.com/about/policies/ | Size: 267 bytes
[Sun Dec 21 15:51:33 2025] URL: https://www.youtube.com/about/brand-resources/ | Size: 219 bytes
[Sun Dec 21 15:51:34 2025] URL: https://www.google.com/policies/privacy/ | Size: 1377 bytes
[Sun Dec 21 15:51:37 2025] URL: https://support.google.com/youtube/#topic=9257498 | Size: 1181727 bytes
[Sun Dec 21 15:51:37 2025] URL: http://www.google.com/ads/coupons/terms.html | Size: 238 bytes
[Sun Dec 21 15:51:38 2025] URL: https://www.youtube.com/t/privacy | Size: 0 bytes
[Sun Dec 21 15:51:38 2025] URL: https://www.youtube.com/howyoutubeworks?utm_campaign=ytgen&amp;utm_source=ythp&amp;utm_medium=LeftNav&amp;utm_content=txt&amp;u=https%3A%2F%2Fwww.youtube.com%2Fhowyoutubeworks%3Futm_source%3Dythp%26utm_medium%3DLeftNav%26utm_campaign%3Dytgen | Size: 455 bytes
[Sun Dec 21 15:51:40 2025] URL: https://www.youtube.com/new | Size: 686953 bytes
[Sun Dec 21 15:51:48 2025] URL: https://www.youtube.com/s/_/ytmainappweb/_/ss/k=ytmainappweb.kevlar_base.7Soe0fZpJfA.R.X.O/am=AABAABAgCQ/d=0/rs=AGKMywHXrXZV0iafquP4tBsyoJHpaJsqHQ | Size: 3302746 bytes
[Sun Dec 21 15:51:49 2025] URL: https://www.youtube.com/s/desktop/ba2eeb09/cssbin/www-main-desktop-watch-page-skeleton-rtl.css | Size: 8529 bytes
[Sun Dec 21 15:52:08 2025] URL: https://www.youtube.com/s/_/ytmainappweb/_/ss/k=ytmainappweb.kevlar_base.7Soe0fZpJfA.R.X.O/am=AAAACBAgCQ/d=0/rs=AGKMywHISD6OfEaD_HBzOirkkW8rjuck0g | Size: 3302746 bytes
[Sun Dec 21 16:03:25 2025] URL: https://www.example.com | Size: 513 bytes
[Sun Dec 21 16:03:26 2025] URL: https://iana.org/domains/example | Size: 244 bytes
[Sun Dec 21 16:03:28 2025] URL: https://www.iana.org/domains/example | Size: 80 bytes
[Sun Dec 21 16:03:31 2025] URL: https://www.example.com | Size: 513 bytes
[Sun Dec 21 16:03:35 2025] URL: https://iana.org/domains/example | Size: 244 bytes
[Sun Dec 21 16:03:37 2025] URL: https://www.iana.org/domains/example | Size: 80 bytes
[Sun Dec 21 16:04:16 2025] URL: https://www.example.com | Size: 513 bytes
[Sun Dec 21 16:04:17 2025] URL: https://iana.org/domains/example | Size: 244 bytes
[Sun Dec 21 16:04:24 2025] URL: https://www.iana.org/domains/example | Size: 80 bytes
[Sun Dec 21 16:04:43 2025] URL: https://www.example.com | Size: 513 bytes
[Sun Dec 21 16:04:44 2025] URL: https://iana.org/domains/example | Size: 244 bytes
[Sun Dec 21 16:04:45 2025] URL: https://www.iana.org/domains/example | Size: 80 bytes
[Sun Dec 21 16:05:49 2025] URL: https://www.youtube.com | Size: 699708 bytes
[Sun Dec 21 16:05:50 2025] URL: https://www.youtube.com/s/desktop/ba2eeb09/img/favicon.ico | Size: 1150 bytes
[Sun Dec 21 16:05:50 2025] URL: https://www.youtube.com/s/desktop/ba2eeb09/img/favicon_32x32.png | Size: 3214 bytes
[Sun Dec 21 16:05:51 2025] URL: https://www.youtube.com/s/desktop/ba2eeb09/img/favicon_48x48.png | Size: 3490 bytes
[Sun Dec 21 16:05:51 2025] URL: https://www.youtube.com/s/desktop/ba2eeb09/img/favicon_96x96.png | Size: 4249 bytes
[Sun Dec 21 16:05:52 2025] URL: https://www.youtube.com/s/desktop/ba2eeb09/img/favicon_144x144.png | Size: 5020 bytes
[Sun Dec 21 16:05:53 2025] URL: https://www.youtube.com/ | Size: 699889 bytes
[Sun Dec 21 16:05:54 2025] URL: https://m.youtube.com/ | Size: 0 bytes
[Sun Dec 21 16:05:55 2025] URL: https://www.youtube.com/android-app://com.google.android.youtube/http/www.youtube.com/ | Size: 0 bytes
[Sun Dec 21 16:05:55 2025] URL: https://www.youtube.com/ios-app://544007664/vnd.youtube/www.youtube.com/ | Size: 0 bytes
[Sun Dec 21 16:05:56 2025] URL: https://www.youtube.com//fonts.googleapis.com/css2?family=Roboto:wght@300;400;500;700&family=YouTube+Sans:wght@300..900&display=swap | Size: 0 bytes
[Sun Dec 21 16:05:56 2025] URL: https://www.youtube.com/s/desktop/ba2eeb09/cssbin/www-main-desktop-home-page-skeleton-rtl.css | Size: 4346 bytes
[Sun Dec 21 16:05:57 2025] URL: https://www.youtube.com/s/desktop/ba2eeb09/cssbin/www-onepick-rtl.css | Size: 797 bytes
[Sun Dec 21 16:06:02 2025] URL: https://www.youtube.com/s/_/ytmainappweb/_/ss/k=ytmainappweb.kevlar_base.7Soe0fZpJfA.R.X.O/am=AAAAIBAgCQ/d=0/rs=AGKMywGPDnrcIMbh9Ek0yIX-hcA-NgRk3g | Size: 3302746 bytes
[Sun Dec 21 16:06:03 2025] URL: https://www.youtube.com/opensearch?locale=ur_PK | Size: 555 bytes
[Sun Dec 21 16:06:04 2025] URL: https://www.youtube.com/manifest.webmanifest | Size: 1879 bytes
[Sun Dec 21 16:06:04 2025] URL: https://www.youtube.com/about/ | Size: 219 bytes
[Sun Dec 21 16:06:05 2025] URL: https://www.youtube.com/about/press/ | Size: 218 bytes
[Sun Dec 21 16:06:05 2025] URL: https://www.youtube.com/about/copyright/ | Size: 256 bytes
[Sun Dec 21 16:06:06 2025] URL: https://www.youtube.com/t/contact_us/ | Size: 8467 bytes
[Sun Dec 21 16:06:06 2025] URL: https://www.youtube.com/img/favicon.ico | Size: 1150 bytes
[Sun Dec 21 16:06:07 2025] URL: https://www.youtube.com/img/favicon_32.png | Size: 348 bytes
[Sun Dec 21 16:06:07 2025] URL: https://www.youtube.com/img/favicon_48.png | Size: 15279 bytes
[Sun Dec 21 16:06:08 2025] URL: https://www.youtube.com/img/favicon_96.png | Size: 15346 bytes
[Sun Dec 21 16:06:08 2025] URL: https://www.youtube.com/img/favicon_144.png | Size: 16275 bytes
[Sun Dec 21 16:06:09 2025] URL: https://fonts.googleapis.com/css?family=YouTube+Sans:600 | Size: 314 bytes
[Sun Dec 21 16:06:09 2025] URL: https://fonts.googleapis.com/css?family=Roboto:400,500 | Size: 474 bytes
[Sun Dec 21 16:06:09 2025] URL: https://www.youtube.com/yt/about | Size: 226 bytes
[Sun Dec 21 16:06:10 2025] URL: https://www.youtube.com/t/community_guidelines | Size: 0 bytes
[Sun Dec 21 16:06:10 2025] URL: https://www.youtube.com/yt/jobs | Size: 225 bytes
[Sun Dec 21 16:06:16 2025] URL: https://support.google.com/youtube/ | Size: 1181726 bytes
[Sun Dec 21 16:06:16 2025] URL: https://support.google.com/forum/p/youtube | Size: 224 bytes
[Sun Dec 21 16:06:18 2025] URL: https://support.google.com/youtube/bin/static.py?page=known_issues.cs | Size: 244 bytes
[Sun Dec 21 16:06:18 2025] URL: https://www.youtube.com/t/press | Size: 0 bytes
[Sun Dec 21 16:06:19 2025] URL: https://www.youtube.com/yt/creators/get-started.html | Size: 239 bytes
[Sun Dec 21 16:06:19 2025] URL: https://www.youtube.com/t/advertising_overview | Size: 0 bytes
[Sun Dec 21 16:06:20 2025] URL: https://support.google.com/youtube/bin/topic.py?topic=13044 | Size: 243 bytes
[Sun Dec 21 16:06:27 2025] URL: https://support.google.com/youtube/answer/77402 | Size: 1282810 bytes
[Sun Dec 21 16:06:33 2025] URL: https://support.google.com/youtube/answer/2807622 | Size: 1320750 bytes
[Sun Dec 21 16:06:34 2025] URL: https://www.youtube.com/t/contentid | Size: 0 bytes
[Sun Dec 21 16:06:35 2025] URL: https://www.youtube.com/t/terms | Size: 52085 bytes
[Sun Dec 21 16:06:36 2025] URL: https://www.youtube.com/yt/dev | Size: 234 bytes
[Sun Dec 21 16:06:36 2025] URL: http://www.google.com/submit_content.html | Size: 249 bytes
[Sun Dec 21 16:06:37 2025] URL: https://www.youtube.com/creators/ | Size: 155933 bytes
[Sun Dec 21 16:06:38 2025] URL: https://www.youtube.com//lh3.googleusercontent.com | Size: 0 bytes
[Sun Dec 21 16:06:38 2025] URL: https://www.youtube.com//kstatic.googleusercontent.com | Size: 0 bytes
[Sun Dec 21 16:06:38 2025] URL: https://fonts.googleapis.com/css?family=Roboto:300,400,500,700&amp;lang=en | Size: 948 bytes
[Sun Dec 21 16:06:39 2025] URL: https://fonts.googleapis.com/css?family=YouTube+Sans:300,400,500,600,700,900 | Size: 1559 bytes
[Sun Dec 21 18:43:26 2025] URL: https://www.youtube.com/ | Size: 692722 bytes
[Sun Dec 21 18:43:26 2025] URL: https://www.youtube.com/s/desktop/ba2eeb09/img/favicon.ico | Size: 1150 bytes
[Sun Dec 21 18:43:26 2025] URL: https://www.youtube.com/s/desktop/ba2eeb09/img/favicon_32x32.png | Size: 3214 bytes
[Sun Dec 21 18:43:27 2025] URL: https://www.youtube.com/s/desktop/ba2eeb09/img/favicon_48x48.png | Size: 3490 bytes
[Sun Dec 21 18:43:27 2025] URL: https://www.youtube.com/s/desktop/ba2eeb09/img/favicon_96x96.png | Size: 4249 bytes
[Sun Dec 21 18:43:27 2025] URL: https://www.youtube.com/s/desktop/ba2eeb09/img/favicon_144x144.png | Size: 5020 bytes
[Sun Dec 21 18:43:28 2025] URL: https://m.youtube.com/ | Size: 0 bytes
[Sun Dec 21 18:43:29 2025] URL: https://www.youtube.com/android-app://com.google.android.youtube/http/www.youtube.com/ | Size: 0 bytes
[Sun Dec 21 18:43:30 2025] URL: https://www.youtube.com/ios-app://544007664/vnd.youtube/www.youtube.com/ | Size: 0 bytes
[Sun Dec 21 18:43:30 2025] URL: https://www.youtube.com//fonts.googleapis.com/css2?family=Roboto:wght@300;400;500;700&family=YouTube+Sans:wght@300..900&display=swap | Size: 0 bytes
[Sun Dec 21 18:43:30 2025] URL: https://www.youtube.com/s/desktop/ba2eeb09/cssbin/www-main-desktop-home-page-skeleton-rtl.css | Size: 4346 bytes
[Sun Dec 21 18:43:31 2025] URL: https://www.youtube.com/s/desktop/ba2eeb09/cssbin/www-onepick-rtl.css | Size: 797 bytes
[Sun Dec 21 18:43:40 2025] URL: https://www.youtube.com/s/_/ytmainappweb/_/ss/k=ytmainappweb.kevlar_base.7Soe0fZpJfA.R.X.O/am=AAAAARAgCQ/d=0/rs=AGKMywGqyUrns8nsg4las6c7GQO2sgiH8w | Size: 3302746 bytes
[Sun Dec 21 18:43:41 2025] URL: https://www.youtube.com/opensearch?locale=ur_PK | Size: 555 bytes
[Sun Dec 21 18:43:42 2025] URL: https://www.youtube.com/manifest.webmanifest | Size: 1879 bytes
[Sun Dec 21 18:43:43 2025] URL: https://www.youtube.com/about/ | Size: 219 bytes
[Sun Dec 21 18:43:43 2025] URL: https://www.youtube.com/about/press/ | Size: 218 bytes
[Sun Dec 21 18:43:43 2025] URL: https://www.youtube.com/about/copyright/ | Size: 256 bytes
[Sun Dec 21 18:43:44 2025] URL: https://www.youtube.com/t/contact_us/ | Size: 8467 bytes
[Sun Dec 21 18:43:45 2025] URL: https://www.youtube.com | Size: 693103 bytes
[Sun Dec 21 18:44:46 2025] URL: https://www.example.com/ | Size: 513 bytes
[Sun Dec 21 18:44:47 2025] URL: https://iana.org/domains/example | Size: 244 bytes
[Sun Dec 21 18:44:48 2025] URL: https://www.iana.org/domains/example | Size: 80 bytes
[Sun Dec 21 18:54:52 2025] URL: https://www.example.com/ | Size: 513 bytes
[Sun Dec 21 18:54:53 2025] URL: https://iana.org/domains/example | Size: 244 bytes
[Sun Dec 21 18:54:54 2025] URL: https://www.iana.org/domains/example | Size: 80 bytes
[Sun Dec 21 19:02:06 2025] URL: https://facebook.com | Size: 0 bytes
[Sun Dec 21 19:06:49 2025] URL: https://www.facebook.com/ | Size: 0 bytes
[Sun Dec 21 19:07:07 2025] URL: https://www.youtube.com/ | Size: 691037 bytes
[Sun Dec 21 19:07:07 2025] URL: https://www.youtube.com/s/desktop/ba2eeb09/img/favicon.ico | Size: 1150 bytes
[Sun Dec 21 19:07:07 2025] URL: https://www.youtube.com/s/desktop/ba2eeb09/img/favicon_32x32.png | Size: 3214 bytes
[Sun Dec 21 19:07:08 2025] URL: https://www.youtube.com/s/desktop/ba2eeb09/img/favicon_48x48.png | Size: 3490 bytes
[Sun Dec 21 19:07:09 2025] URL: https://www.youtube.com/s/desktop/ba2eeb09/img/favicon_96x96.png | Size: 4249 bytes
[Sun Dec 21 19:07:09 2025] URL: https://www.youtube.com/s/desktop/ba2eeb09/img/favicon_144x144.png | Size: 5020 bytes
[Sun Dec 21 19:07:10 2025] URL: https://m.youtube.com/ | Size: 0 bytes
[Sun Dec 21 19:07:11 2025] URL: https://www.youtube.com/android-app://com.google.android.youtube/http/www.youtube.com/ | Size: 0 bytes
[Sun Dec 21 19:07:12 2025] URL: https://www.youtube.com/ios-app://544007664/vnd.youtube/www.youtube.com/ | Size: 0 bytes
[Sun Dec 21 19:07:12 2025] URL: https://www.youtube.com//fonts.googleapis.com/css2?family=Roboto:wght@300;400;500;700&family=YouTube+Sans:wght@300..900&display=swap | Size: 0 bytes
[Sun Dec 21 19:07:13 2025] URL: https://www.youtube.com/s/desktop/ba2eeb09/cssbin/www-main-desktop-home-page-skeleton-rtl.css | Size: 4346 bytes
[Sun Dec 21 19:07:13 2025] URL: https://www.youtube.com/s/desktop/ba2eeb09/cssbin/www-onepick-rtl.css | Size: 797 bytes
[Sun Dec 21 19:07:47 2025] URL: https://www.youtube.com/s/_/ytmainappweb/_/ss/k=ytmainappweb.kevlar_base.7Soe0fZpJfA.R.X.O/am=AAAAAhAgCQ/d=0/rs=AGKMywFXHh0raQxSNvtsriTiqA5L7Wxfng | Size: 3302746 bytes
[Sun Dec 21 19:07:48 2025] URL: https://www.youtube.com/opensearch?locale=ur_PK | Size: 555 bytes
[Sun Dec 21 19:07:49 2025] URL: https://www.youtube.com/manifest.webmanifest | Size: 1879 bytes
[Sun Dec 21 19:07:49 2025] URL: https://www.youtube.com/about/ | Size: 219 bytes
[Sun Dec 21 19:07:49 2025] URL: https://www.youtube.com/about/press/ | Size: 218 bytes
[Sun Dec 21 19:07:50 2025] URL: https://www.youtube.com/about/copyright/ | Size: 256 bytes
[Sun Dec 21 19:07:50 2025] URL: https://www.youtube.com/t/contact_us/ | Size: 8467 bytes
[Sun Dec 21 19:07:52 2025] URL: https://www.youtube.com/creators/ | Size: 155933 bytes
[Sun Dec 21 19:07:53 2025] URL: https://www.youtube.com/ads/ | Size: 78980 bytes
[Sun Dec 21 19:07:55 2025] URL: https://developers.google.com/youtube | Size: 70006 bytes
[Sun Dec 21 19:08:54 2025] URL: https://web-scraping.dev/ | Size: 31909 bytes
[Sun Dec 21 19:08:57 2025] URL: https://web-scraping.dev/assets/css/main.css | Size: 19169 bytes
[Sun Dec 21 19:09:07 2025] URL: https://web-scraping.dev/assets/css/bootstrap.min.css | Size: 155845 bytes
[Sun Dec 21 19:09:09 2025] URL: https://web-scraping.dev/assets/css/bootstrap-icons.css | Size: 88290 bytes
[Sun Dec 21 19:09:10 2025] URL: https://web-scraping.dev/assets/css/highlight-nord.css | Size: 4863 bytes
[Sun Dec 21 19:09:13 2025] URL: https://web-scraping.dev/assets/media/icon.png | Size: 864 bytes
[Sun Dec 21 19:09:15 2025] URL: https://web-scraping.dev/docs | Size: 952 bytes
[Sun Dec 21 19:09:15 2025] URL: https://cdn.jsdelivr.net/npm/swagger-ui-dist@5/swagger-ui.css | Size: 177183 bytes
[Sun Dec 21 19:09:16 2025] URL: https://fastapi.tiangolo.com/img/favicon.png | Size: 5043 bytes
[Sun Dec 21 19:09:18 2025] URL: https://web-scraping.dev/api/graphql | Size: 9 bytes
[Sun Dec 21 19:09:21 2025] URL: https://web-scraping.dev/products | Size: 17019 bytes
[Sun Dec 21 19:09:25 2025] URL: https://web-scraping.dev/reviews | Size: 14593 bytes
[Sun Dec 21 19:09:28 2025] URL: https://web-scraping.dev/testimonials | Size: 29978 bytes
[Sun Dec 21 19:09:29 2025] URL: https://web-scraping.dev/file-download | Size: 19488 bytes
[Sun Dec 21 19:09:31 2025] URL: https://web-scraping.dev/login | Size: 15383 bytes
[Sun Dec 21 19:09:33 2025] URL: https://web-scraping.dev/cart | Size: 11856 bytes
[Sun Dec 21 19:09:34 2025] URL: https://scrapfly.io | Size: 0 bytes
[Sun Dec 21 19:09:36 2025] URL: https://scrapfly.io/academy | Size: 0 bytes
[Sun Dec 21 19:09:38 2025] URL: https://web-scraping.dev/sitemap.xml | Size: 6689 bytes
[Sun Dec 21 19:09:39 2025] URL: https://scrapfly.io/blog | Size: 169 bytes
[Sun Dec 21 19:09:46 2025] URL: https://github.com/scrapfly | Size: 283579 bytes
[Sun Dec 21 19:09:48 2025] URL: https://web-scraping.dev/review-policy | Size: 12599 bytes
[Sun Dec 21 19:09:49 2025] URL: https://web-scraping.dev/products?category=apparel | Size: 17367 bytes
[Sun Dec 21 19:09:53 2025] URL: https://web-scraping.dev/products?category=consumables | Size: 17133 bytes
[Sun Dec 21 19:09:55 2025] URL: https://web-scraping.dev/products?category=household | Size: 12582 bytes
[Sun Dec 21 19:09:57 2025] URL: https://web-scraping.dev/products?category=household&page=1 | Size: 12617 bytes
[Sun Dec 21 19:09:59 2025] URL: https://web-scraping.dev/products?category=household&page=2 | Size: 12617 bytes
[Sun Dec 21 19:10:00 2025] URL: https://web-scraping.dev/product/1 | Size: 28769 bytes
[Sun Dec 21 19:10:03 2025] URL: https://web-scraping.dev/product/1?variant=orange-small | Size: 28953 bytes
[Sun Dec 21 19:10:05 2025] URL: https://web-scraping.dev/product/1?variant=orange-medium | Size: 28951 bytes
[Sun Dec 21 19:10:09 2025] URL: https://web-scraping.dev/product/1?variant=orange-large | Size: 28896 bytes
[Sun Dec 21 19:10:13 2025] URL: https://web-scraping.dev/product/1?variant=cherry-small | Size: 28956 bytes
[Sun Dec 21 19:10:16 2025] URL: https://web-scraping.dev/product/1?variant=cherry-medium | Size: 28920 bytes
[Sun Dec 21 19:10:20 2025] URL: https://web-scraping.dev/product/1?variant=cherry-large | Size: 28946 bytes
[Sun Dec 21 19:10:23 2025] URL: https://web-scraping.dev/product/16 | Size: 25937 bytes
[Sun Dec 21 19:10:27 2025] URL: https://web-scraping.dev/product/3 | Size: 26075 bytes
[Sun Dec 21 19:10:32 2025] URL: https://web-scraping.dev/product/20 | Size: 28519 bytes
[Sun Dec 21 19:10:35 2025] URL: https://web-scraping.dev/product/22 | Size: 29165 bytes
[Sun Dec 21 19:10:37 2025] URL: https://web-scraping.dev/product/2 | Size: 26104 bytes
[Sun Dec 21 19:10:42 2025] URL: https://web-scraping.dev/product/2?variant=one | Size: 26079 bytes
[Sun Dec 21 19:10:44 2025] URL: https://web-scraping.dev/product/2?variant=six-pack | Size: 26235 bytes
[Sun Dec 21 19:10:47 2025] URL: https://web-scraping.dev/product/8 | Size: 28546 bytes
[Sun Dec 21 19:10:49 2025] URL: https://web-scraping.dev/product/5 | Size: 27006 bytes
[Sun Dec 21 19:10:50 2025] URL: https://web-scraping.dev/product/23 | Size: 29649 bytes
[Sun Dec 21 19:10:52 2025] URL: https://web-scraping.dev/product/4 | Size: 25884 bytes
[Sun Dec 21 19:10:53 2025] URL: https://web-scraping.dev/product/4?variant=one | Size: 25947 bytes
[Sun Dec 21 19:10:56 2025] URL: https://web-scraping.dev/product/4?variant=six-pack | Size: 26012 bytes
[Sun Dec 21 19:10:57 2025] URL: https://web-scraping.dev/product/13 | Size: 28876 bytes
[Sun Dec 21 19:11:02 2025] URL: https://web-scraping.dev/product/21 | Size: 27964 bytes
[Sun Dec 21 19:11:05 2025] URL: https://web-scraping.dev/products?category=consumables&page=1 | Size: 17188 bytes
[Sun Dec 21 19:11:08 2025] URL: https://web-scraping.dev/products?category=consumables&page=2 | Size: 17040 bytes
[Sun Dec 21 19:11:10 2025] URL: https://web-scraping.dev/products?category=consumables&page=3 | Size: 17244 bytes
[Sun Dec 21 19:11:11 2025] URL: https://web-scraping.dev/products?category=consumables&page=4 | Size: 13740 bytes
[Sun Dec 21 19:11:13 2025] URL: https://web-scraping.dev/product/7 | Size: 28321 bytes
[Sun Dec 21 19:11:16 2025] URL: https://web-scraping.dev/product/7?variant=6 | Size: 28471 bytes
[Sun Dec 21 19:11:19 2025] URL: https://web-scraping.dev/product/7?variant=7 | Size: 28436 bytes
[Sun Dec 21 19:11:20 2025] URL: https://web-scraping.dev/product/7?variant=8 | Size: 28370 bytes
[Sun Dec 21 19:11:22 2025] URL: https://web-scraping.dev/product/7?variant=9 | Size: 28410 bytes
[Sun Dec 21 19:11:26 2025] URL: https://web-scraping.dev/product/6 | Size: 26019 bytes
[Sun Dec 21 19:11:28 2025] URL: https://web-scraping.dev/product/10 | Size: 29190 bytes
[Sun Dec 21 19:11:31 2025] URL: https://web-scraping.dev/product/28 | Size: 25841 bytes
[Sun Dec 21 19:11:32 2025] URL: https://web-scraping.dev/product/28?variant=one | Size: 25976 bytes
[Sun Dec 21 19:11:34 2025] URL: https://web-scraping.dev/product/28?variant=six-pack | Size: 26014 bytes
[Sun Dec 21 19:11:38 2025] URL: https://web-scraping.dev/product/9 | Size: 27916 bytes
[Sun Dec 21 19:11:39 2025] URL: https://web-scraping.dev/product/12 | Size: 30707 bytes
[Sun Dec 21 19:11:41 2025] URL: https://web-scraping.dev/product/24 | Size: 30711 bytes
[Sun Dec 21 19:11:44 2025] URL: https://web-scraping.dev/product/11 | Size: 29606 bytes
[Sun Dec 21 19:11:45 2025] URL: https://web-scraping.dev/product/11?variant=black40 | Size: 29680 bytes
[Sun Dec 21 19:11:47 2025] URL: https://web-scraping.dev/product/11?variant=black41 | Size: 29717 bytes
[Sun Dec 21 19:11:48 2025] URL: https://web-scraping.dev/product/11?variant=black42 | Size: 29779 bytes
[Sun Dec 21 19:11:51 2025] URL: https://web-scraping.dev/product/11?variant=white40 | Size: 29708 bytes
[Sun Dec 21 19:11:53 2025] URL: https://web-scraping.dev/product/11?variant=white41 | Size: 29686 bytes
[Sun Dec 21 19:11:55 2025] URL: https://web-scraping.dev/product/11?variant=white42 | Size: 29738 bytes
[Sun Dec 21 19:11:58 2025] URL: https://web-scraping.dev/product/17 | Size: 27019 bytes
[Sun Dec 21 19:12:00 2025] URL: https://web-scraping.dev/product/17?variant=one | Size: 27049 bytes
[Sun Dec 21 19:12:01 2025] URL: https://web-scraping.dev/product/17?variant=six-pack | Size: 27109 bytes
[Sun Dec 21 19:12:04 2025] URL: https://web-scraping.dev/product/15 | Size: 26092 bytes
[Sun Dec 21 19:12:05 2025] URL: https://web-scraping.dev/product/26 | Size: 26037 bytes
[Sun Dec 21 19:12:07 2025] URL: https://web-scraping.dev/products?category=apparel&page=1 | Size: 17382 bytes
[Sun Dec 21 19:12:08 2025] URL: https://web-scraping.dev/products?category=apparel&page=2 | Size: 17578 bytes
[Sun Dec 21 19:12:11 2025] URL: https://web-scraping.dev/product/19 | Size: 28419 bytes
[Sun Dec 21 19:12:13 2025] URL: https://web-scraping.dev/products?category=apparel&page=3 | Size: 14809 bytes
[Sun Dec 21 19:12:14 2025] URL: https://web-scraping.dev/products?page=1 | Size: 17074 bytes
[Sun Dec 21 19:12:16 2025] URL: https://web-scraping.dev/products?page=2 | Size: 17335 bytes
[Sun Dec 21 19:12:18 2025] URL: https://web-scraping.dev/products?page=3 | Size: 17333 bytes
[Sun Dec 21 19:12:20 2025] URL: https://web-scraping.dev/product/14 | Size: 26029 bytes
[Sun Dec 21 19:12:21 2025] URL: https://web-scraping.dev/products?page=4 | Size: 17258 bytes
[Sun Dec 21 19:12:23 2025] URL: https://web-scraping.dev/products?page=5 | Size: 17476 bytes
[Sun Dec 21 19:12:25 2025] URL: https://scrapfly.io/docs | Size: 0 bytes
[Sun Dec 21 19:12:28 2025] URL: https://web-scraping.dev/login?cookies= | Size: 15428 bytes
[Sun Dec 21 19:12:30 2025] URL: https://web-scraping.dev/credentials | Size: 0 bytes
[Sun Dec 21 19:12:31 2025] URL: https://web-scraping.dev/assets/pdf/tos.pdf | Size: 10360 bytes
[Sun Dec 21 19:12:32 2025] URL: https://web-scraping.dev/blocked | Size: 8853 bytes
[Sun Dec 21 19:12:34 2025] URL: https://web-scraping.dev/?persist | Size: 31965 bytes
[Sun Dec 21 19:12:35 2025] URL: https://web-scraping.dev/blocked?persist= | Size: 8902 bytes
[Sun Dec 21 19:12:37 2025] URL: https://web-scraping.dev/ai-content-obfuscation | Size: 38723 bytes
[Sun Dec 21 19:12:38 2025] URL: https://scrapfly.io/?utm_source=web-scraping.dev&utm_medium=homepage&utm_campaign=sponsor | Size: 0 bytes
[Sun Dec 21 19:12:41 2025] URL: https://web-scraping.dev/robots.txt | Size: 155 bytes
[Sun Dec 21 20:06:48 2025] URL: https://www.example.com/ | Size: 513 bytes
[Sun Dec 21 20:06:49 2025] URL: https://iana.org/domains/example | Size: 244 bytes
[Sun Dec 21 20:06:52 2025] URL: https://www.iana.org/domains/example | Size: 80 bytes
[Sun Dec 21 20:09:31 2025] URL: https://www.example.com/ | Size: 513 bytes
[Sun Dec 21 20:09:32 2025] URL: https://iana.org/domains/example | Size: 244 bytes
[Sun Dec 21 20:09:33 2025] URL: https://www.iana.org/domains/example | Size: 80 bytes
[Sun Dec 21 22:20:25 2025] URL: https://example.com | Size: 513 bytes
[Sun Dec 21 22:20:27 2025] URL: https://iana.org/domains/example | Size: 244 bytes
[Sun Dec 21 22:20:30 2025] URL: https://www.iana.org/domains/example | Size: 80 bytes
[Sun Dec 21 22:23:58 2025] URL: https://example.com | Size: 513 bytes
[Sun Dec 21 22:23:59 2025] URL: https://iana.org/domains/example | Size: 244 bytes
[Sun Dec 21 22:24:00 2025] URL: https://www.iana.org/domains/example | Size: 80 bytes
